name      addsingle
cmd       /usr/bin/time -v timeout 8m /home/ubuntu/cesar/dpu-cav18-exp/dist/dpu/bin/dpu /home/ubuntu/cesar/dpu-cav18-exp/sec6.3-table2/logs.2018-04-16_Mon_08:36:35/addsingle.bc -k0 --mem 350M --stack 2M -O2 -- addsingle -C 2 -K -i /home/ubuntu/cesar/dpu-cav18-exp/sec6.3-table2/logs.2018-04-16_Mon_08:36:35/3seq.aln.fasta

exitcode  0
defects   1
walltime  12.263
maxrss    418M
maxconfs  2
SSBs      0
events    23


stdout:
opt-6.0 -mem2reg '/home/ubuntu/cesar/dpu-cav18-exp/sec6.3-table2/logs.2018-04-16_Mon_08:36:35/addsingle.bc' -o /tmp/dpu.BCth.addsingle.bc.opt.bc
llvm-link-6.0 /tmp/dpu.BCth.addsingle.bc.opt.bc /home/ubuntu/cesar/dpu-cav18-exp/dist/dpu/bin/../lib/dpu/rt.bc -o /tmp/dpu.BCth.addsingle.bc.bc
/home/ubuntu/cesar/dpu-cav18-exp/dist/dpu/bin/../lib/dpu/dpu-backend /tmp/dpu.BCth.addsingle.bc.bc -k0 --mem 350M --stack 2M -O2 -- addsingle -C 2 -K -i /home/ubuntu/cesar/dpu-cav18-exp/sec6.3-table2/logs.2018-04-16_Mon_08:36:35/3seq.aln.fasta
dpu v0.5.2 running, pid 3056
dpu: performing the following analyses:
dpu: - POR: checking for assertion violations + deadlocks
dpu: por: using 'optimal' alternatives
dpu: unf: loading bitcode
dpu: unf: O2-optimization + jitting...
dpu: por: starting POR analysis ...
stid: rt: assert-fail: called!
addsingle.c:1616: void *addsinglethread(void *): Assertion `0' failed. Aborting.
/home/ubuntu/cesar/dpu-cav18-exp/tools/dpu/dpu-0.5.2/lib/steroids/rt/libc/proc.c:29: _rt_abort: Thread 1: Function abort() was called, but current support for abort() is very limited
/home/ubuntu/cesar/dpu-cav18-exp/tools/dpu/dpu-0.5.2/lib/steroids/rt/libc/proc.c:32: _rt_abort: Thread 1: calling pthread_exit() instead of exit(), you might experience unexpected errors from this point on
dpu: por: finished POR analysis
dpu: por: saving POR defects report to 'defects.por.yml'
dpu: por: stats: unfolding: 2 max-configs
dpu: por: stats: unfolding: 3 threads created
dpu: por: stats: unfolding: 3 process slots used
dpu: por: stats: unfolding: 23 events (aprox. 4K of memory)
dpu: por: stats: unfolding: t0: 9 events (1912B, 39.0%)
dpu: por: stats: unfolding: t1: 7 events (1496B, 30.5%)
dpu: por: stats: unfolding: t2: 7 events (1496B, 30.5%)
dpu: por: stats: por: 2 executions
dpu: por: stats: por: 0 SSBs
dpu: por: stats: por: 14.0 average ev/trail
dpu: por: stats: por: alt: 24 calls
dpu: por: stats: por: alt: 4 calls built a comb (16.7%)
dpu: por: stats: por: alt: 1 calls explored a comb (4.2%)
dpu: por: stats: por: |comb|: size/nc=1/1; min/max/avg=1/1/1.00; {size=count/mass}={1=1/100.0%}
dpu: por: stats: resources: 11.320 s wall time
dpu: por: stats: resources: 11.176 s cpu time
dpu: por: stats: resources: 418M max RSS
dpu: por: stats: perf: 0 executions/sec
dpu: por: stats: perf: 2 ev/sec
dpu: por: summary: 1 defects, 2 max-configs, 0 SSBs, 23 events, 11.320 sec, 418M

stderr:
nthread = 2
inputfile = /home/ubuntu/cesar/dpu-cav18-exp/sec6.3-table2/logs.2018-04-16_Mon_08:36:35/3seq.aln.fasta
norg = 3
njobc = 4
generating 200PAM scoring matrix for nucleotides ... done
done
done
scoremtx = -1
Loading 'hat2' ... done.


Combining ..
   done.                      

   done.                      

addsingle (nuc) Version 7.123b alg=A, model=DNA200 (2),  1.530 ( 4.590),  0.123 ( 0.369)
2 thread(s)
nthread = 2
inputfile = /home/ubuntu/cesar/dpu-cav18-exp/sec6.3-table2/logs.2018-04-16_Mon_08:36:35/3seq.aln.fasta
norg = 3
njobc = 4
generating 200PAM scoring matrix for nucleotides ... done
done
done
scoremtx = -1
Loading 'hat2' ... done.


Combining ..
   done.                      

   done.                      

addsingle (nuc) Version 7.123b alg=A, model=DNA200 (2),  1.530 ( 4.590),  0.123 ( 0.369)
2 thread(s)
	Command being timed: "timeout 8m /home/ubuntu/cesar/dpu-cav18-exp/dist/dpu/bin/dpu /home/ubuntu/cesar/dpu-cav18-exp/sec6.3-table2/logs.2018-04-16_Mon_08:36:35/addsingle.bc -k0 --mem 350M --stack 2M -O2 -- addsingle -C 2 -K -i /home/ubuntu/cesar/dpu-cav18-exp/sec6.3-table2/logs.2018-04-16_Mon_08:36:35/3seq.aln.fasta"
	User time (seconds): 12.05
	System time (seconds): 0.19
	Percent of CPU this job got: 99%
	Elapsed (wall clock) time (h:mm:ss or m:ss): 0:12.26
	Average shared text size (kbytes): 0
	Average unshared data size (kbytes): 0
	Average stack size (kbytes): 0
	Average total size (kbytes): 0
	Maximum resident set size (kbytes): 428372
	Average resident set size (kbytes): 0
	Major (requiring I/O) page faults: 0
	Minor (reclaiming a frame) page faults: 76076
	Voluntary context switches: 48
	Involuntary context switches: 368
	Swaps: 0
	File system inputs: 0
	File system outputs: 8312
	Socket messages sent: 0
	Socket messages received: 0
	Signals delivered: 0
	Page size (bytes): 4096
	Exit status: 0
