name      blkiomon
cmd       /usr/bin/time -v timeout 8m /home/ubuntu/cesar/dpu-cav18-exp/dist/dpu/bin/dpu /home/ubuntu/cesar/dpu-cav18-exp/sec6.3-table2/logs.2018-04-16_Mon_08:36:35/blkiomon.bc -k0 --mem 350M --stack 2M -O2 -- blkiomon -I 1 -x 5 -y 5 -i /home/ubuntu/cesar/dpu-cav18-exp/sec6.3-table2/logs.2018-04-16_Mon_08:36:35/input1.dat

exitcode  0
defects   0
walltime  0.648
maxrss    49M
maxconfs  1
SSBs      0
events    13


stdout:
opt-6.0 -mem2reg '/home/ubuntu/cesar/dpu-cav18-exp/sec6.3-table2/logs.2018-04-16_Mon_08:36:35/blkiomon.bc' -o /tmp/dpu.mz0B.blkiomon.bc.opt.bc
llvm-link-6.0 /tmp/dpu.mz0B.blkiomon.bc.opt.bc /home/ubuntu/cesar/dpu-cav18-exp/dist/dpu/bin/../lib/dpu/rt.bc -o /tmp/dpu.mz0B.blkiomon.bc.bc
/home/ubuntu/cesar/dpu-cav18-exp/dist/dpu/bin/../lib/dpu/dpu-backend /tmp/dpu.mz0B.blkiomon.bc.bc -k0 --mem 350M --stack 2M -O2 -- blkiomon -I 1 -x 5 -y 5 -i /home/ubuntu/cesar/dpu-cav18-exp/sec6.3-table2/logs.2018-04-16_Mon_08:36:35/input1.dat
dpu v0.5.2 running, pid 21286
dpu: performing the following analyses:
dpu: - POR: checking for assertion violations + deadlocks
dpu: por: using 'optimal' alternatives
dpu: unf: loading bitcode
dpu: unf: O2-optimization + jitting...
dpu: por: starting POR analysis ...
dpu: por: finished POR analysis
dpu: por: stats: unfolding: 1 max-configs
dpu: por: stats: unfolding: 2 threads created
dpu: por: stats: unfolding: 2 process slots used
dpu: por: stats: unfolding: 13 events (aprox. 2K of memory)
dpu: por: stats: unfolding: t0: 3 events (656B, 23.7%)
dpu: por: stats: unfolding: t1: 10 events (2K, 76.3%)
dpu: por: stats: por: 1 executions
dpu: por: stats: por: 0 SSBs
dpu: por: stats: por: 13.0 average ev/trail
dpu: por: stats: por: alt: 13 calls
dpu: por: stats: por: alt: 4 calls built a comb (30.8%)
dpu: por: stats: por: alt: 0 calls explored a comb (0.0%)
dpu: por: stats: por: |comb|: size/nc=0/0; min/max/avg=nan/nan/nan; {size=count/mass}={}
dpu: por: stats: resources: 0.563 s wall time
dpu: por: stats: resources: 0.558 s cpu time
dpu: por: stats: resources: 49M max RSS
dpu: por: stats: perf: 1 executions/sec
dpu: por: stats: perf: 23 ev/sec
dpu: por: summary: 0 defects, 1 max-configs, 0 SSBs, 13 events, 0.563 sec, 49M

stderr:
blkiomon: interrupted sleep
blkiomon: interrupted sleep
blkiomon: interrupted sleep
blkiomon: interrupted sleep
	Command being timed: "timeout 8m /home/ubuntu/cesar/dpu-cav18-exp/dist/dpu/bin/dpu /home/ubuntu/cesar/dpu-cav18-exp/sec6.3-table2/logs.2018-04-16_Mon_08:36:35/blkiomon.bc -k0 --mem 350M --stack 2M -O2 -- blkiomon -I 1 -x 5 -y 5 -i /home/ubuntu/cesar/dpu-cav18-exp/sec6.3-table2/logs.2018-04-16_Mon_08:36:35/input1.dat"
	User time (seconds): 0.61
	System time (seconds): 0.03
	Percent of CPU this job got: 100%
	Elapsed (wall clock) time (h:mm:ss or m:ss): 0:00.64
	Average shared text size (kbytes): 0
	Average unshared data size (kbytes): 0
	Average stack size (kbytes): 0
	Average total size (kbytes): 0
	Maximum resident set size (kbytes): 50384
	Average resident set size (kbytes): 0
	Major (requiring I/O) page faults: 0
	Minor (reclaiming a frame) page faults: 21324
	Voluntary context switches: 37
	Involuntary context switches: 14
	Swaps: 0
	File system inputs: 0
	File system outputs: 488
	Socket messages sent: 0
	Socket messages received: 0
	Signals delivered: 0
	Page size (bytes): 4096
	Exit status: 0
