name      blkiomon
cmd       /usr/bin/time -v timeout 8m /home/ubuntu/cesar/dpu-cav18-exp/dist/dpu/bin/dpu /home/ubuntu/cesar/dpu-cav18-exp/sec6.3-table2/logs.2018-04-16_Mon_08:36:35/blkiomon.bc -k0 --mem 350M --stack 2M -O2 -- blkiomon -I 1 -x 18 -y 5 -i /home/ubuntu/cesar/dpu-cav18-exp/sec6.3-table2/logs.2018-04-16_Mon_08:36:35/input1.dat

exitcode  0
defects   0
walltime  0.694
maxrss    47M
maxconfs  180
SSBs      0
events    1841


stdout:
opt-6.0 -mem2reg '/home/ubuntu/cesar/dpu-cav18-exp/sec6.3-table2/logs.2018-04-16_Mon_08:36:35/blkiomon.bc' -o /tmp/dpu.3Ucq.blkiomon.bc.opt.bc
llvm-link-6.0 /tmp/dpu.3Ucq.blkiomon.bc.opt.bc /home/ubuntu/cesar/dpu-cav18-exp/dist/dpu/bin/../lib/dpu/rt.bc -o /tmp/dpu.3Ucq.blkiomon.bc.bc
/home/ubuntu/cesar/dpu-cav18-exp/dist/dpu/bin/../lib/dpu/dpu-backend /tmp/dpu.3Ucq.blkiomon.bc.bc -k0 --mem 350M --stack 2M -O2 -- blkiomon -I 1 -x 18 -y 5 -i /home/ubuntu/cesar/dpu-cav18-exp/sec6.3-table2/logs.2018-04-16_Mon_08:36:35/input1.dat
dpu v0.5.2 running, pid 21389
dpu: performing the following analyses:
dpu: - POR: checking for assertion violations + deadlocks
dpu: por: using 'optimal' alternatives
dpu: unf: loading bitcode
dpu: unf: O2-optimization + jitting...
dpu: por: starting POR analysis ...
dpu: por: finished POR analysis
dpu: por: stats: unfolding: 180 max-configs
dpu: por: stats: unfolding: 2 threads created
dpu: por: stats: unfolding: 2 process slots used
dpu: por: stats: unfolding: 1841 events (aprox. 377K of memory)
dpu: por: stats: unfolding: t0: 714 events (146K, 38.8%)
dpu: por: stats: unfolding: t1: 1127 events (231K, 61.2%)
dpu: por: stats: por: 180 executions
dpu: por: stats: por: 0 SSBs
dpu: por: stats: por: 25.6 average ev/trail
dpu: por: stats: por: alt: 1845 calls
dpu: por: stats: por: alt: 739 calls built a comb (40.1%)
dpu: por: stats: por: alt: 179 calls explored a comb (9.7%)
dpu: por: stats: por: |comb|: size/nc=179/1; min/max/avg=1/1/1.00; {size=count/mass}={1=179/100.0%}
dpu: por: stats: resources: 0.609 s wall time
dpu: por: stats: resources: 0.604 s cpu time
dpu: por: stats: resources: 47M max RSS
dpu: por: stats: perf: 295 executions/sec
dpu: por: stats: perf: 3021 ev/sec
dpu: por: summary: 0 defects, 180 max-configs, 0 SSBs, 1841 events, 0.609 sec, 47M

stderr:
blkiomon: interrupted sleep
blkiomon: interrupted sleep
blkiomon: interrupted sleep
blkiomon: interrupted sleep
blkiomon: interrupted sleep
blkiomon: interrupted sleep
blkiomon: interrupted sleep
blkiomon: interrupted sleep
blkiomon: interrupted sleep
blkiomon: interrupted sleep
blkiomon: interrupted sleep
blkiomon: interrupted sleep
blkiomon: interrupted sleep
blkiomon: interrupted sleep
blkiomon: interrupted sleep
blkiomon: interrupted sleep
blkiomon: interrupted sleep
blkiomon: interrupted sleep
blkiomon: interrupted sleep
blkiomon: interrupted sleep
blkiomon: interrupted sleep
blkiomon: interrupted sleep
blkiomon: interrupted sleep
blkiomon: interrupted sleep
blkiomon: interrupted sleep
blkiomon: interrupted sleep
blkiomon: interrupted sleep
blkiomon: interrupted sleep
blkiomon: interrupted sleep
blkiomon: interrupted sleep
blkiomon: interrupted sleep
blkiomon: interrupted sleep
blkiomon: interrupted sleep
blkiomon: interrupted sleep
blkiomon: interrupted sleep
blkiomon: interrupted sleep
blkiomon: interrupted sleep
blkiomon: interrupted sleep
blkiomon: interrupted sleep
blkiomon: interrupted sleep
blkiomon: interrupted sleep
blkiomon: interrupted sleep
blkiomon: interrupted sleep
blkiomon: interrupted sleep
blkiomon: interrupted sleep
blkiomon: interrupted sleep
blkiomon: interrupted sleep
blkiomon: interrupted sleep
blkiomon: interrupted sleep
blkiomon: interrupted sleep
blkiomon: interrupted sleep
blkiomon: interrupted sleep
blkiomon: interrupted sleep
blkiomon: interrupted sleep
blkiomon: interrupted sleep
blkiomon: interrupted sleep
blkiomon: interrupted sleep
blkiomon: interrupted sleep
blkiomon: interrupted sleep
blkiomon: interrupted sleep
blkiomon: interrupted sleep
blkiomon: interrupted sleep
blkiomon: interrupted sleep
blkiomon: interrupted sleep
blkiomon: interrupted sleep
blkiomon: interrupted sleep
blkiomon: interrupted sleep
blkiomon: interrupted sleep
blkiomon: interrupted sleep
blkiomon: interrupted sleep
blkiomon: interrupted sleep
blkiomon: interrupted sleep
blkiomon: interrupted sleep
blkiomon: interrupted sleep
blkiomon: interrupted sleep
blkiomon: interrupted sleep
blkiomon: interrupted sleep
blkiomon: interrupted sleep
blkiomon: interrupted sleep
blkiomon: interrupted sleep
blkiomon: interrupted sleep
blkiomon: interrupted sleep
blkiomon: interrupted sleep
blkiomon: interrupted sleep
blkiomon: interrupted sleep
blkiomon: interrupted sleep
blkiomon: interrupted sleep
blkiomon: interrupted sleep
blkiomon: interrupted sleep
blkiomon: interrupted sleep
blkiomon: interrupted sleep
blkiomon: interrupted sleep
blkiomon: interrupted sleep
blkiomon: interrupted sleep
blkiomon: interrupted sleep
blkiomon: interrupted sleep
blkiomon: interrupted sleep
blkiomon: interrupted sleep
blkiomon: interrupted sleep
blkiomon: interrupted sleep
blkiomon: interrupted sleep
blkiomon: interrupted sleep
blkiomon: interrupted sleep
blkiomon: interrupted sleep
blkiomon: interrupted sleep
blkiomon: interrupted sleep
blkiomon: interrupted sleep
blkiomon: interrupted sleep
blkiomon: interrupted sleep
blkiomon: interrupted sleep
blkiomon: interrupted sleep
blkiomon: interrupted sleep
blkiomon: interrupted sleep
blkiomon: interrupted sleep
blkiomon: interrupted sleep
blkiomon: interrupted sleep
blkiomon: interrupted sleep
blkiomon: interrupted sleep
blkiomon: interrupted sleep
blkiomon: interrupted sleep
blkiomon: interrupted sleep
blkiomon: interrupted sleep
blkiomon: interrupted sleep
blkiomon: interrupted sleep
blkiomon: interrupted sleep
blkiomon: interrupted sleep
blkiomon: interrupted sleep
blkiomon: interrupted sleep
blkiomon: interrupted sleep
blkiomon: interrupted sleep
blkiomon: interrupted sleep
blkiomon: interrupted sleep
blkiomon: interrupted sleep
blkiomon: interrupted sleep
blkiomon: interrupted sleep
blkiomon: interrupted sleep
blkiomon: interrupted sleep
blkiomon: interrupted sleep
blkiomon: interrupted sleep
blkiomon: interrupted sleep
blkiomon: interrupted sleep
blkiomon: interrupted sleep
blkiomon: interrupted sleep
blkiomon: interrupted sleep
blkiomon: interrupted sleep
blkiomon: interrupted sleep
blkiomon: interrupted sleep
blkiomon: interrupted sleep
blkiomon: interrupted sleep
blkiomon: interrupted sleep
blkiomon: interrupted sleep
blkiomon: interrupted sleep
blkiomon: interrupted sleep
blkiomon: interrupted sleep
blkiomon: interrupted sleep
blkiomon: interrupted sleep
blkiomon: interrupted sleep
blkiomon: interrupted sleep
blkiomon: interrupted sleep
blkiomon: interrupted sleep
blkiomon: interrupted sleep
blkiomon: interrupted sleep
blkiomon: interrupted sleep
blkiomon: interrupted sleep
blkiomon: interrupted sleep
blkiomon: interrupted sleep
blkiomon: interrupted sleep
blkiomon: interrupted sleep
blkiomon: interrupted sleep
blkiomon: interrupted sleep
blkiomon: interrupted sleep
blkiomon: interrupted sleep
blkiomon: interrupted sleep
blkiomon: interrupted sleep
blkiomon: interrupted sleep
blkiomon: interrupted sleep
blkiomon: interrupted sleep
blkiomon: interrupted sleep
blkiomon: interrupted sleep
blkiomon: interrupted sleep
blkiomon: interrupted sleep
blkiomon: interrupted sleep
blkiomon: interrupted sleep
blkiomon: interrupted sleep
blkiomon: interrupted sleep
blkiomon: interrupted sleep
blkiomon: interrupted sleep
blkiomon: interrupted sleep
blkiomon: interrupted sleep
blkiomon: interrupted sleep
blkiomon: interrupted sleep
blkiomon: interrupted sleep
blkiomon: interrupted sleep
blkiomon: interrupted sleep
blkiomon: interrupted sleep
blkiomon: interrupted sleep
blkiomon: interrupted sleep
blkiomon: interrupted sleep
blkiomon: interrupted sleep
blkiomon: interrupted sleep
blkiomon: interrupted sleep
blkiomon: interrupted sleep
blkiomon: interrupted sleep
blkiomon: interrupted sleep
blkiomon: interrupted sleep
blkiomon: interrupted sleep
blkiomon: interrupted sleep
blkiomon: interrupted sleep
blkiomon: interrupted sleep
blkiomon: interrupted sleep
blkiomon: interrupted sleep
blkiomon: interrupted sleep
blkiomon: interrupted sleep
blkiomon: interrupted sleep
blkiomon: interrupted sleep
blkiomon: interrupted sleep
blkiomon: interrupted sleep
blkiomon: interrupted sleep
blkiomon: interrupted sleep
blkiomon: interrupted sleep
blkiomon: interrupted sleep
blkiomon: interrupted sleep
blkiomon: interrupted sleep
blkiomon: interrupted sleep
blkiomon: interrupted sleep
blkiomon: interrupted sleep
blkiomon: interrupted sleep
blkiomon: interrupted sleep
blkiomon: interrupted sleep
blkiomon: interrupted sleep
blkiomon: interrupted sleep
blkiomon: interrupted sleep
blkiomon: interrupted sleep
blkiomon: interrupted sleep
blkiomon: interrupted sleep
blkiomon: interrupted sleep
blkiomon: interrupted sleep
blkiomon: interrupted sleep
blkiomon: interrupted sleep
blkiomon: interrupted sleep
blkiomon: interrupted sleep
blkiomon: interrupted sleep
blkiomon: interrupted sleep
blkiomon: interrupted sleep
blkiomon: interrupted sleep
blkiomon: interrupted sleep
blkiomon: interrupted sleep
blkiomon: interrupted sleep
blkiomon: interrupted sleep
blkiomon: interrupted sleep
blkiomon: interrupted sleep
blkiomon: interrupted sleep
blkiomon: interrupted sleep
blkiomon: interrupted sleep
blkiomon: interrupted sleep
blkiomon: interrupted sleep
blkiomon: interrupted sleep
blkiomon: interrupted sleep
blkiomon: interrupted sleep
blkiomon: interrupted sleep
blkiomon: interrupted sleep
blkiomon: interrupted sleep
blkiomon: interrupted sleep
blkiomon: interrupted sleep
blkiomon: interrupted sleep
blkiomon: interrupted sleep
blkiomon: interrupted sleep
blkiomon: interrupted sleep
blkiomon: interrupted sleep
blkiomon: interrupted sleep
blkiomon: interrupted sleep
blkiomon: interrupted sleep
blkiomon: interrupted sleep
blkiomon: interrupted sleep
blkiomon: interrupted sleep
blkiomon: interrupted sleep
blkiomon: interrupted sleep
blkiomon: interrupted sleep
blkiomon: interrupted sleep
blkiomon: interrupted sleep
blkiomon: interrupted sleep
blkiomon: interrupted sleep
blkiomon: interrupted sleep
blkiomon: interrupted sleep
blkiomon: interrupted sleep
blkiomon: interrupted sleep
blkiomon: interrupted sleep
blkiomon: interrupted sleep
blkiomon: interrupted sleep
blkiomon: interrupted sleep
blkiomon: interrupted sleep
blkiomon: interrupted sleep
blkiomon: interrupted sleep
blkiomon: interrupted sleep
blkiomon: interrupted sleep
blkiomon: interrupted sleep
blkiomon: interrupted sleep
blkiomon: interrupted sleep
blkiomon: interrupted sleep
blkiomon: interrupted sleep
blkiomon: interrupted sleep
blkiomon: interrupted sleep
blkiomon: interrupted sleep
blkiomon: interrupted sleep
blkiomon: interrupted sleep
blkiomon: interrupted sleep
blkiomon: interrupted sleep
blkiomon: interrupted sleep
blkiomon: interrupted sleep
blkiomon: interrupted sleep
blkiomon: interrupted sleep
blkiomon: interrupted sleep
blkiomon: interrupted sleep
blkiomon: interrupted sleep
blkiomon: interrupted sleep
blkiomon: interrupted sleep
blkiomon: interrupted sleep
blkiomon: interrupted sleep
blkiomon: interrupted sleep
blkiomon: interrupted sleep
blkiomon: interrupted sleep
blkiomon: interrupted sleep
blkiomon: interrupted sleep
blkiomon: interrupted sleep
blkiomon: interrupted sleep
blkiomon: interrupted sleep
blkiomon: interrupted sleep
blkiomon: interrupted sleep
blkiomon: interrupted sleep
blkiomon: interrupted sleep
blkiomon: interrupted sleep
blkiomon: interrupted sleep
blkiomon: interrupted sleep
blkiomon: interrupted sleep
blkiomon: interrupted sleep
blkiomon: interrupted sleep
blkiomon: interrupted sleep
blkiomon: interrupted sleep
blkiomon: interrupted sleep
blkiomon: interrupted sleep
blkiomon: interrupted sleep
blkiomon: interrupted sleep
blkiomon: interrupted sleep
blkiomon: interrupted sleep
blkiomon: interrupted sleep
blkiomon: interrupted sleep
blkiomon: interrupted sleep
blkiomon: interrupted sleep
blkiomon: interrupted sleep
blkiomon: interrupted sleep
blkiomon: interrupted sleep
blkiomon: interrupted sleep
blkiomon: interrupted sleep
blkiomon: interrupted sleep
blkiomon: interrupted sleep
blkiomon: interrupted sleep
blkiomon: interrupted sleep
blkiomon: interrupted sleep
blkiomon: interrupted sleep
blkiomon: interrupted sleep
blkiomon: interrupted sleep
blkiomon: interrupted sleep
blkiomon: interrupted sleep
blkiomon: interrupted sleep
blkiomon: interrupted sleep
blkiomon: interrupted sleep
blkiomon: interrupted sleep
blkiomon: interrupted sleep
blkiomon: interrupted sleep
blkiomon: interrupted sleep
blkiomon: interrupted sleep
blkiomon: interrupted sleep
blkiomon: interrupted sleep
blkiomon: interrupted sleep
blkiomon: interrupted sleep
blkiomon: interrupted sleep
blkiomon: interrupted sleep
blkiomon: interrupted sleep
blkiomon: interrupted sleep
blkiomon: interrupted sleep
blkiomon: interrupted sleep
blkiomon: interrupted sleep
blkiomon: interrupted sleep
blkiomon: interrupted sleep
blkiomon: interrupted sleep
blkiomon: interrupted sleep
blkiomon: interrupted sleep
blkiomon: interrupted sleep
blkiomon: interrupted sleep
blkiomon: interrupted sleep
blkiomon: interrupted sleep
blkiomon: interrupted sleep
blkiomon: interrupted sleep
blkiomon: interrupted sleep
blkiomon: interrupted sleep
blkiomon: interrupted sleep
blkiomon: interrupted sleep
blkiomon: interrupted sleep
blkiomon: interrupted sleep
blkiomon: interrupted sleep
blkiomon: interrupted sleep
blkiomon: interrupted sleep
blkiomon: interrupted sleep
blkiomon: interrupted sleep
blkiomon: interrupted sleep
blkiomon: interrupted sleep
blkiomon: interrupted sleep
blkiomon: interrupted sleep
blkiomon: interrupted sleep
blkiomon: interrupted sleep
blkiomon: interrupted sleep
blkiomon: interrupted sleep
blkiomon: interrupted sleep
blkiomon: interrupted sleep
blkiomon: interrupted sleep
blkiomon: interrupted sleep
blkiomon: interrupted sleep
blkiomon: interrupted sleep
blkiomon: interrupted sleep
blkiomon: interrupted sleep
blkiomon: interrupted sleep
blkiomon: interrupted sleep
blkiomon: interrupted sleep
blkiomon: interrupted sleep
blkiomon: interrupted sleep
blkiomon: interrupted sleep
blkiomon: interrupted sleep
blkiomon: interrupted sleep
blkiomon: interrupted sleep
blkiomon: interrupted sleep
blkiomon: interrupted sleep
blkiomon: interrupted sleep
blkiomon: interrupted sleep
blkiomon: interrupted sleep
blkiomon: interrupted sleep
blkiomon: interrupted sleep
blkiomon: interrupted sleep
blkiomon: interrupted sleep
blkiomon: interrupted sleep
blkiomon: interrupted sleep
blkiomon: interrupted sleep
blkiomon: interrupted sleep
blkiomon: interrupted sleep
blkiomon: interrupted sleep
blkiomon: interrupted sleep
blkiomon: interrupted sleep
blkiomon: interrupted sleep
blkiomon: interrupted sleep
blkiomon: interrupted sleep
blkiomon: interrupted sleep
blkiomon: interrupted sleep
blkiomon: interrupted sleep
blkiomon: interrupted sleep
blkiomon: interrupted sleep
blkiomon: interrupted sleep
blkiomon: interrupted sleep
blkiomon: interrupted sleep
blkiomon: interrupted sleep
blkiomon: interrupted sleep
blkiomon: interrupted sleep
blkiomon: interrupted sleep
blkiomon: interrupted sleep
blkiomon: interrupted sleep
blkiomon: interrupted sleep
blkiomon: interrupted sleep
blkiomon: interrupted sleep
blkiomon: interrupted sleep
blkiomon: interrupted sleep
blkiomon: interrupted sleep
blkiomon: interrupted sleep
blkiomon: interrupted sleep
blkiomon: interrupted sleep
blkiomon: interrupted sleep
blkiomon: interrupted sleep
blkiomon: interrupted sleep
blkiomon: interrupted sleep
blkiomon: interrupted sleep
blkiomon: interrupted sleep
blkiomon: interrupted sleep
blkiomon: interrupted sleep
blkiomon: interrupted sleep
blkiomon: interrupted sleep
blkiomon: interrupted sleep
blkiomon: interrupted sleep
blkiomon: interrupted sleep
blkiomon: interrupted sleep
blkiomon: interrupted sleep
blkiomon: interrupted sleep
blkiomon: interrupted sleep
blkiomon: interrupted sleep
blkiomon: interrupted sleep
blkiomon: interrupted sleep
blkiomon: interrupted sleep
blkiomon: interrupted sleep
blkiomon: interrupted sleep
blkiomon: interrupted sleep
blkiomon: interrupted sleep
blkiomon: interrupted sleep
blkiomon: interrupted sleep
blkiomon: interrupted sleep
blkiomon: interrupted sleep
blkiomon: interrupted sleep
blkiomon: interrupted sleep
blkiomon: interrupted sleep
blkiomon: interrupted sleep
blkiomon: interrupted sleep
blkiomon: interrupted sleep
blkiomon: interrupted sleep
blkiomon: interrupted sleep
blkiomon: interrupted sleep
blkiomon: interrupted sleep
blkiomon: interrupted sleep
blkiomon: interrupted sleep
blkiomon: interrupted sleep
blkiomon: interrupted sleep
blkiomon: interrupted sleep
blkiomon: interrupted sleep
blkiomon: interrupted sleep
blkiomon: interrupted sleep
blkiomon: interrupted sleep
blkiomon: interrupted sleep
blkiomon: interrupted sleep
blkiomon: interrupted sleep
blkiomon: interrupted sleep
blkiomon: interrupted sleep
blkiomon: interrupted sleep
blkiomon: interrupted sleep
blkiomon: interrupted sleep
blkiomon: interrupted sleep
blkiomon: interrupted sleep
blkiomon: interrupted sleep
blkiomon: interrupted sleep
blkiomon: interrupted sleep
blkiomon: interrupted sleep
blkiomon: interrupted sleep
blkiomon: interrupted sleep
blkiomon: interrupted sleep
blkiomon: interrupted sleep
blkiomon: interrupted sleep
blkiomon: interrupted sleep
blkiomon: interrupted sleep
blkiomon: interrupted sleep
blkiomon: interrupted sleep
blkiomon: interrupted sleep
blkiomon: interrupted sleep
blkiomon: interrupted sleep
blkiomon: interrupted sleep
blkiomon: interrupted sleep
blkiomon: interrupted sleep
blkiomon: interrupted sleep
blkiomon: interrupted sleep
blkiomon: interrupted sleep
blkiomon: interrupted sleep
blkiomon: interrupted sleep
blkiomon: interrupted sleep
blkiomon: interrupted sleep
blkiomon: interrupted sleep
blkiomon: interrupted sleep
blkiomon: interrupted sleep
blkiomon: interrupted sleep
blkiomon: interrupted sleep
blkiomon: interrupted sleep
blkiomon: interrupted sleep
blkiomon: interrupted sleep
blkiomon: interrupted sleep
blkiomon: interrupted sleep
blkiomon: interrupted sleep
blkiomon: interrupted sleep
blkiomon: interrupted sleep
blkiomon: interrupted sleep
blkiomon: interrupted sleep
blkiomon: interrupted sleep
blkiomon: interrupted sleep
blkiomon: interrupted sleep
blkiomon: interrupted sleep
blkiomon: interrupted sleep
blkiomon: interrupted sleep
blkiomon: interrupted sleep
blkiomon: interrupted sleep
blkiomon: interrupted sleep
blkiomon: interrupted sleep
blkiomon: interrupted sleep
blkiomon: interrupted sleep
blkiomon: interrupted sleep
blkiomon: interrupted sleep
blkiomon: interrupted sleep
blkiomon: interrupted sleep
blkiomon: interrupted sleep
blkiomon: interrupted sleep
blkiomon: interrupted sleep
blkiomon: interrupted sleep
blkiomon: interrupted sleep
blkiomon: interrupted sleep
blkiomon: interrupted sleep
blkiomon: interrupted sleep
blkiomon: interrupted sleep
blkiomon: interrupted sleep
blkiomon: interrupted sleep
blkiomon: interrupted sleep
blkiomon: interrupted sleep
blkiomon: interrupted sleep
blkiomon: interrupted sleep
blkiomon: interrupted sleep
blkiomon: interrupted sleep
blkiomon: interrupted sleep
blkiomon: interrupted sleep
blkiomon: interrupted sleep
blkiomon: interrupted sleep
blkiomon: interrupted sleep
blkiomon: interrupted sleep
blkiomon: interrupted sleep
blkiomon: interrupted sleep
blkiomon: interrupted sleep
blkiomon: interrupted sleep
blkiomon: interrupted sleep
blkiomon: interrupted sleep
blkiomon: interrupted sleep
blkiomon: interrupted sleep
blkiomon: interrupted sleep
blkiomon: interrupted sleep
blkiomon: interrupted sleep
blkiomon: interrupted sleep
blkiomon: interrupted sleep
blkiomon: interrupted sleep
blkiomon: interrupted sleep
blkiomon: interrupted sleep
blkiomon: interrupted sleep
blkiomon: interrupted sleep
blkiomon: interrupted sleep
blkiomon: interrupted sleep
blkiomon: interrupted sleep
blkiomon: interrupted sleep
blkiomon: interrupted sleep
blkiomon: interrupted sleep
blkiomon: interrupted sleep
blkiomon: interrupted sleep
blkiomon: interrupted sleep
blkiomon: interrupted sleep
blkiomon: interrupted sleep
blkiomon: interrupted sleep
blkiomon: interrupted sleep
blkiomon: interrupted sleep
blkiomon: interrupted sleep
blkiomon: interrupted sleep
blkiomon: interrupted sleep
blkiomon: interrupted sleep
blkiomon: interrupted sleep
blkiomon: interrupted sleep
blkiomon: interrupted sleep
blkiomon: interrupted sleep
blkiomon: interrupted sleep
blkiomon: interrupted sleep
blkiomon: interrupted sleep
blkiomon: interrupted sleep
blkiomon: interrupted sleep
blkiomon: interrupted sleep
blkiomon: interrupted sleep
blkiomon: interrupted sleep
blkiomon: interrupted sleep
blkiomon: interrupted sleep
blkiomon: interrupted sleep
blkiomon: interrupted sleep
blkiomon: interrupted sleep
blkiomon: interrupted sleep
blkiomon: interrupted sleep
blkiomon: interrupted sleep
blkiomon: interrupted sleep
blkiomon: interrupted sleep
blkiomon: interrupted sleep
blkiomon: interrupted sleep
blkiomon: interrupted sleep
blkiomon: interrupted sleep
blkiomon: interrupted sleep
blkiomon: interrupted sleep
blkiomon: interrupted sleep
blkiomon: interrupted sleep
blkiomon: interrupted sleep
blkiomon: interrupted sleep
blkiomon: interrupted sleep
blkiomon: interrupted sleep
blkiomon: interrupted sleep
blkiomon: interrupted sleep
blkiomon: interrupted sleep
blkiomon: interrupted sleep
blkiomon: interrupted sleep
blkiomon: interrupted sleep
blkiomon: interrupted sleep
blkiomon: interrupted sleep
blkiomon: interrupted sleep
blkiomon: interrupted sleep
blkiomon: interrupted sleep
blkiomon: interrupted sleep
blkiomon: interrupted sleep
blkiomon: interrupted sleep
blkiomon: interrupted sleep
blkiomon: interrupted sleep
blkiomon: interrupted sleep
blkiomon: interrupted sleep
blkiomon: interrupted sleep
blkiomon: interrupted sleep
blkiomon: interrupted sleep
blkiomon: interrupted sleep
blkiomon: interrupted sleep
blkiomon: interrupted sleep
blkiomon: interrupted sleep
blkiomon: interrupted sleep
blkiomon: interrupted sleep
blkiomon: interrupted sleep
blkiomon: interrupted sleep
blkiomon: interrupted sleep
blkiomon: interrupted sleep
blkiomon: interrupted sleep
blkiomon: interrupted sleep
blkiomon: interrupted sleep
blkiomon: interrupted sleep
blkiomon: interrupted sleep
blkiomon: interrupted sleep
blkiomon: interrupted sleep
blkiomon: interrupted sleep
blkiomon: interrupted sleep
	Command being timed: "timeout 8m /home/ubuntu/cesar/dpu-cav18-exp/dist/dpu/bin/dpu /home/ubuntu/cesar/dpu-cav18-exp/sec6.3-table2/logs.2018-04-16_Mon_08:36:35/blkiomon.bc -k0 --mem 350M --stack 2M -O2 -- blkiomon -I 1 -x 18 -y 5 -i /home/ubuntu/cesar/dpu-cav18-exp/sec6.3-table2/logs.2018-04-16_Mon_08:36:35/input1.dat"
	User time (seconds): 0.66
	System time (seconds): 0.03
	Percent of CPU this job got: 101%
	Elapsed (wall clock) time (h:mm:ss or m:ss): 0:00.69
	Average shared text size (kbytes): 0
	Average unshared data size (kbytes): 0
	Average stack size (kbytes): 0
	Average total size (kbytes): 0
	Maximum resident set size (kbytes): 48624
	Average resident set size (kbytes): 0
	Major (requiring I/O) page faults: 0
	Minor (reclaiming a frame) page faults: 21603
	Voluntary context switches: 1295
	Involuntary context switches: 34
	Swaps: 0
	File system inputs: 0
	File system outputs: 520
	Socket messages sent: 0
	Socket messages received: 0
	Signals delivered: 0
	Page size (bytes): 4096
	Exit status: 0
